MPASM  5.20                 STEPPER_MOTOR.ASM   5-8-2009  20:56:50         PAGE  1


LOC  OBJECT CODE     LINE SOURCE TEXT
  VALUE

                      00001 ;**********************************************************************
                      00002 ;                                                                     *
                      00003 ;   This file is a code example showing the work of PIC16F84A.        *
                      00004 ;   The program shows how to control simple stepper motor with        *
                      00005 ;   PIC16F84A.                                                        *
                      00006 ;   Recomended clock frequency: 10 kHz                                *
                      00007 ;                                                                     *
                      00008 ;   Refer to the MPASM User's Guide for additional information on     *
                      00009 ;   features of the assembler (Document DS33014).                     *
                      00010 ;                                                                     *
                      00011 ;   Refer to the respective PIC data sheet for additional             *
                      00012 ;   information on the instruction set.                               *
                      00013 ;                                                                     *
                      00014 ;**********************************************************************
                      00015 ;                                                                     *
                      00016 ;    Filename:        stepper_motor.asm                               *
                      00017 ;    Date:            2009                                            *
                      00018 ;    File Version:                                                    *
                      00019 ;                                                                     *
                      00020 ;    Author:          Sergei Loschilov                                *
                      00021 ;    Company:         N. Novgorod State Technical University          *
                      00022 ;                                                                     *
                      00023 ;                                                                     *
                      00024 ;**********************************************************************
                      00025 ;                                                                     *
                      00026 ;    Files required: P16F84A.INC                                      *
                      00027 ;                                                                     *
                      00028 ;                                                                     *
                      00029 ;                                                                     *
                      00030 ;**********************************************************************
                      00031 ;                                                                     *
                      00032 ;    Notes:                                                           *
                      00033 ;                                                                     *
                      00034 ;                                                                     *
                      00035 ;                                                                     *
                      00036 ;                                                                     *
                      00037 ;**********************************************************************
                      00038 
                      00039 
                      00040     list      p=16F84A             ; list directive to define processor
                      00041     #include <p16F84a.inc>         ; processor specific variable definitions
                      00001         LIST
                      00002 ; P16F84A.INC  Standard Header File, Version 2.00    Microchip Technology, Inc.
                      00134         LIST
                      00042 
2007   3FF3           00043     __CONFIG   _CP_OFF & _WDT_OFF & _PWRTE_ON & _RC_OSC
                      00044 
                      00045 ; '__CONFIG' directive is used to embed configuration data within .asm file.
                      00046 ; The lables following the directive are located in the respective .inc file.
                      00047 ; See respective data sheet for additional information on configuration word.
                      00048 
                      00049 ;***** VARIABLE DEFINITIONS
  0000000C            00050 w_temp        EQU     0x0C        ; variable used for context saving 
MPASM  5.20                 STEPPER_MOTOR.ASM   5-8-2009  20:56:50         PAGE  2


LOC  OBJECT CODE     LINE SOURCE TEXT
  VALUE

  0000000D            00051 status_temp   EQU     0x0D        ; variable used for context saving
  0000000E            00052 buffer        EQU     0x0E        ; temporary buffer
                      00053 
                      00054 ;**********************************************************************
                      00055 RESET_VECTOR      CODE    0x0000  ; processor reset vector
0000   2???           00056         goto    start             ; go to beginning of program
                      00057 
                      00058 ISR               CODE    0x0004  ; interrupt vector location
                      00059 
0004                  00060 Interrupt:
                      00061 
0004   008C           00062         movwf  w_temp             ; save off current W register contents
0005   0803           00063         movf   STATUS,w           ; move status register into W register
0006   008D           00064         movwf  status_temp        ; save off contents of STATUS register
                      00065 
                      00066 ;  Place ISR Here
0007   1D0B           00067                 btfss INTCON, T0IF
0008   2???           00068                 goto  end_isr
                      00069                 ; If the interrupt is from timer0
0009   110B           00070                 bcf   INTCON, T0IF ; Clearing the interrupt flag
                      00071 ; Rotate left or right
000A   1283           00072                 bcf   STATUS, RP0 ; Select bank 0
000B   1F86           00073                 btfss PORTB, 7 ; If 1 - rotate left, 0 - right 
000C   2???           00074                 goto  rright
                      00075 ;Rotate left
Message[305]: Using default destination of 1 (file).
000D   0D8E           00076                 rlf   buffer
000E   1A0E           00077                 btfsc buffer, 4 ; Is the 4th bit affected?
000F   140E           00078                 bsf   buffer, 0  ; If yes - set the 0-th bit of buffer
0010   120E           00079                 bcf   buffer, 4  ; Clear the 4th bit just in case
0011   2???           00080                 goto out_to_port
0012                  00081 rright:
                      00082 ;Rotate right
Message[305]: Using default destination of 1 (file).
0012   0C8E           00083                 rrf   buffer
0013   1803           00084                 btfsc STATUS, C ; Is Carry bit affected?
0014   158E           00085                 bsf   buffer,3  ; If yes - set the 5th bit of buffer
0015                  00086 out_to_port:
0015   080E           00087                 movf  buffer, W  ; Put the buffer content to W
0016   0086           00088                 movwf PORTB      ; Output value to PORTB
0017                  00089 end_isr:
0017   080D           00090         movf   status_temp,w      ; retrieve copy of STATUS register
0018   0083           00091         movwf  STATUS             ; restore pre-isr STATUS register contents
0019   0E8C           00092         swapf  w_temp,f
001A   0E0C           00093         swapf  w_temp,w           ; restore pre-isr W register contents
001B   0009           00094         retfie                    ; return from interrupt
                      00095 
                      00096 MAIN_PROGRAM    CODE
                      00097 
0000                  00098 start:
                      00099 
                      00100 ; remaining code goes here
                      00101 ;Clear the PORTB
MPASM  5.20                 STEPPER_MOTOR.ASM   5-8-2009  20:56:50         PAGE  3


LOC  OBJECT CODE     LINE SOURCE TEXT
  VALUE

0000   0186           00102                 clrf   PORTB
                      00103 
                      00104 ; SELECT the insternal instruction cycle clock for TMR0
0001   1683           00105                 bsf    STATUS, RP0 ; Select bank 1
Message[302]: Register in operand not in bank 0.  Ensure that bank bits are correct.
0002   1281           00106                 bcf    OPTION_REG, T0CS ; Select internal clock source for TMR0
                      00107 
                      00108 
                      00109                 ;No prescaler needed. The PSA bit should not be changed (remains 1)
                      00110 ; Configure PORTB (RB0.. RB3 - outputs, PB4..RB7 - inputs)
0003   30F0           00111                 movlw  0F0h     ; 1111 0000
Message[302]: Register in operand not in bank 0.  Ensure that bank bits are correct.
0004   0086           00112                 movwf  TRISB
                      00113 ; filling in the temporary buffer
0005   018E           00114                 clrf   buffer
Message[305]: Using default destination of 1 (file).
0006   0A8E           00115                 incf   buffer ; buffer = 0000 0001
                      00116 ; Enable interrupt from timer
0007   168B           00117                 bsf    INTCON, T0IE ; Enable interrupt from Timer0
0008   178B           00118                 bsf    INTCON, GIE      ; Switch on interrupts  
                      00119 
0009   2???           00120         goto $
                      00121 
                      00122         END                       ; directive 'end of program'
MPASM  5.20                 STEPPER_MOTOR.ASM   5-8-2009  20:56:50         PAGE  4


SYMBOL TABLE
  LABEL                             VALUE 

C                                 00000000
DC                                00000001
EEADR                             00000009
EECON1                            00000088
EECON2                            00000089
EEDATA                            00000008
EEIE                              00000006
EEIF                              00000004
F                                 00000001
FSR                               00000004
GIE                               00000007
INDF                              00000000
INTCON                            0000000B
INTE                              00000004
INTEDG                            00000006
INTF                              00000001
IRP                               00000007
Interrupt                         00000004
NOT_PD                            00000003
NOT_RBPU                          00000007
NOT_TO                            00000004
OPTION_REG                        00000081
PCL                               00000002
PCLATH                            0000000A
PORTA                             00000005
PORTB                             00000006
PS0                               00000000
PS1                               00000001
PS2                               00000002
PSA                               00000003
RBIE                              00000003
RBIF                              00000000
RD                                00000000
RP0                               00000005
RP1                               00000006
STATUS                            00000003
T0CS                              00000005
T0IE                              00000005
T0IF                              00000002
T0SE                              00000004
TMR0                              00000001
TRISA                             00000085
TRISB                             00000086
W                                 00000000
WR                                00000001
WREN                              00000002
WRERR                             00000003
Z                                 00000002
_CP_OFF                           00003FFF
_CP_ON                            0000000F
_HS_OSC                           00003FFE
_LP_OSC                           00003FFC
_MAIN_PROGRAM_0009                00000009
MPASM  5.20                 STEPPER_MOTOR.ASM   5-8-2009  20:56:50         PAGE  5


SYMBOL TABLE
  LABEL                             VALUE 

_PWRTE_OFF                        00003FFF
_PWRTE_ON                         00003FF7
_RC_OSC                           00003FFF
_WDT_OFF                          00003FFB
_WDT_ON                           00003FFF
_XT_OSC                           00003FFD
__16F84A                          00000001
__DEBUG                           1
buffer                            0000000E
end_isr                           00000017
out_to_port                       00000015
rright                            00000012
start                             00000000
status_temp                       0000000D
w_temp                            0000000C

Errors   :     0
Warnings :     0 reported,     0 suppressed
Messages :     5 reported,     0 suppressed

