MPASM  5.20                     BLINK_LED.ASM   5-8-2009  16:34:35         PAGE  1


LOC  OBJECT CODE     LINE SOURCE TEXT
  VALUE

                      00001 ;**********************************************************************
                      00002 ;                                                                     *
                      00003 ;   This file is a code example for Microchip PIC16F84A               *
                      00004 ;   microcontroller. The program continually changes the output value *
                      00005 ;   of PORTB of Microcontroller to make the LEDs connected to the     *
                      00006 ;   outputs of the port blink.                                        * 
                      00007 ;   The recomended operation speed is 10 kHz                          *
                      00008 ;                                                                     *
                      00009 ;   Refer to the MPASM User's Guide for additional information on     *
                      00010 ;   features of the assembler (Document DS33014).                     *
                      00011 ;                                                                     *
                      00012 ;   Refer to the respective PIC data sheet for additional             *
                      00013 ;   information on the instruction set.                               *
                      00014 ;                                                                     *
                      00015 ;**********************************************************************
                      00016 ;                                                                     *
                      00017 ;    Filename:        blink_led.asm                                         *
                      00018 ;    Date:                                                            *
                      00019 ;    File Version:                                                    *
                      00020 ;                                                                     *
                      00021 ;    Author:    Sergei Loschilov                                      *
                      00022 ;    Company:   N.Novgorod State Technical University                 *
                      00023 ;                                                                     *
                      00024 ;                                                                     *
                      00025 ;**********************************************************************
                      00026 ;                                                                     *
                      00027 ;    Files required: P16F84A.INC                                      *
                      00028 ;                                                                     *
                      00029 ;                                                                     *
                      00030 ;                                                                     *
                      00031 ;**********************************************************************
                      00032 ;                                                                     *
                      00033 ;    Notes:                                                           *
                      00034 ;                                                                     *
                      00035 ;                                                                     *
                      00036 ;                                                                     *
                      00037 ;                                                                     *
                      00038 ;**********************************************************************
                      00039 
                      00040 
                      00041     list      p=16F84A             ; list directive to define processor
                      00042     #include <p16F84a.inc>         ; processor specific variable definitions
                      00001         LIST
                      00002 ; P16F84A.INC  Standard Header File, Version 2.00    Microchip Technology, Inc.
                      00134         LIST
                      00043 
2007   3FF3           00044     __CONFIG   _CP_OFF & _WDT_OFF & _PWRTE_ON & _RC_OSC
                      00045 
                      00046 ; '__CONFIG' directive is used to embed configuration data within .asm file.
                      00047 ; The lables following the directive are located in the respective .inc file.
                      00048 ; See respective data sheet for additional information on configuration word.
                      00049 
                      00050 ;***** VARIABLE DEFINITIONS
MPASM  5.20                     BLINK_LED.ASM   5-8-2009  16:34:35         PAGE  2


LOC  OBJECT CODE     LINE SOURCE TEXT
  VALUE

  0000000E            00051 counter      EQU     0x0E        ; Counter
                      00052 
                      00053 ;**********************************************************************
                      00054 RESET_VECTOR      CODE    0x0000  ; processor reset vector
                      00055 
                      00056 ; put logic nulls to the PORTB output
0000   0186           00057                 clrf   PORTB
                      00058 
                      00059 ; make the PORTB pins to be output pins
0001   1683           00060                 bsf    STATUS,RP0 ; SELECT bank 1
Message[302]: Register in operand not in bank 0.  Ensure that bank bits are correct.
0002   0186           00061                 clrf   TRISB      ; Set all bits of TRISB register to 0
0003   1283           00062                 bcf    STATUS,RP0 ; SELECT bank 0
                      00063  
                      00064 ; wait two loops of 255 cycles
0004                  00065 wait:
0004   018E           00066                 clrf   counter
0005                  00067 loop:
Message[305]: Using default destination of 1 (file).
0005   0F8E           00068                 incfsz counter
0006   2???           00069                 goto   loop
                      00070 ; toggle the output values for PORTB    
0007   0986           00071                 comf   PORTB,F
0008   2???           00072                 goto   wait     
                      00073 
                      00074         END                       ; directive 'end of program'
MPASM  5.20                     BLINK_LED.ASM   5-8-2009  16:34:35         PAGE  3


SYMBOL TABLE
  LABEL                             VALUE 

C                                 00000000
DC                                00000001
EEADR                             00000009
EECON1                            00000088
EECON2                            00000089
EEDATA                            00000008
EEIE                              00000006
EEIF                              00000004
F                                 00000001
FSR                               00000004
GIE                               00000007
INDF                              00000000
INTCON                            0000000B
INTE                              00000004
INTEDG                            00000006
INTF                              00000001
IRP                               00000007
NOT_PD                            00000003
NOT_RBPU                          00000007
NOT_TO                            00000004
OPTION_REG                        00000081
PCL                               00000002
PCLATH                            0000000A
PORTA                             00000005
PORTB                             00000006
PS0                               00000000
PS1                               00000001
PS2                               00000002
PSA                               00000003
RBIE                              00000003
RBIF                              00000000
RD                                00000000
RP0                               00000005
RP1                               00000006
STATUS                            00000003
T0CS                              00000005
T0IE                              00000005
T0IF                              00000002
T0SE                              00000004
TMR0                              00000001
TRISA                             00000085
TRISB                             00000086
W                                 00000000
WR                                00000001
WREN                              00000002
WRERR                             00000003
Z                                 00000002
_CP_OFF                           00003FFF
_CP_ON                            0000000F
_HS_OSC                           00003FFE
_LP_OSC                           00003FFC
_PWRTE_OFF                        00003FFF
_PWRTE_ON                         00003FF7
MPASM  5.20                     BLINK_LED.ASM   5-8-2009  16:34:35         PAGE  4


SYMBOL TABLE
  LABEL                             VALUE 

_RC_OSC                           00003FFF
_WDT_OFF                          00003FFB
_WDT_ON                           00003FFF
_XT_OSC                           00003FFD
__16F84A                          00000001
__DEBUG                           1
counter                           0000000E
loop                              00000005
wait                              00000004

Errors   :     0
Warnings :     0 reported,     0 suppressed
Messages :     2 reported,     0 suppressed

